应用实例，访问地址为 http://%s:%s :: 5147
[HandleMsg] ["启动游戏"]
[HandleMsg] [调试] ["error! Event: nil trigger function error!"]
[HandleMsg] [信息] ["xhr.status","200"]
[HandleMsg] [信息] ["xhr.statusText","200 OK"]
[HandleMsg] [信息] ["xhr.readyState","4"]
[HandleMsg] [信息] ["xhr.responseText","{\"IP\":\"118.112.74.50\"}"]
[HandleMsg] [信息] ["xhr.response","{\"IP\":\"118.112.74.50\"}"]
[HandleMsg] [信息] ["[wd] platform = ","android",", gAuthType = ","1"]
[HandleMsg] [调试] ["LoginLayer:initSDK"]
[HandleMsg] [调试] ["qsdk:init"]
[HandleMsg] [调试] ["qsdk:login"]
[HandleMsg] [调试] ["qsdk:event eventType:0"]
[HandleMsg] [调试] ["qsdk:event eventType:1"]
[HandleMsg] [信息] ["OpenId is : ","320383990&13000","gAccessToken is :","{\"token\":\"d20jDO0H3Bb1bhAT\",\"gameId\":\"1603\",\"channel\":\"13000\",\"subChannel\":13000}","gUserId: ","320383990&13000","gTokenTime: ","0"]
[HandleMsg] [信息] ["login","onConnected!!!"]
[HandleMsg] [信息] ["try rpc_server_version"]
[HandleMsg] [信息] ["[S->C] rpc_client_client_config(\"{\\\"shareCfg\\\":0}\")"]
[ECHO] rpc_client_video_ads_refresh_info {"type":6,"countDownTime":0}
[ECHO] rpc_client_video_ads_can_watch {"adType":5,"states":1}
[ECHO] rpc_client_video_ads_refresh_info {"type":4,"countDownTime":0}
[ECHO] rpc_client_video_ads_can_watch {"adType":6,"states":1}
[ECHO] rpc_client_video_ads_refresh_info {"type":5,"countDownTime":0}
[ECHO] rpc_client_video_ads_can_watch {"adType":4,"states":0}
[ECHO] rpc_client_video_ads_refresh_info {"type":3,"countDownTime":0}
[ECHO] rpc_client_video_ads_can_watch {"adType":3,"states":0}
[ECHO] rpc_client_video_ads_can_watch {"adType":2,"states":1}
[ECHO] rpc_client_video_ads_refresh_info {"type":2,"countDownTime":0}
[ECHO] rpc_client_video_ads_can_watch {"adType":1,"states":1}
[ECHO] rpc_client_video_ads_refresh_info {"type":1,"countDownTime":536}
[HandleMsg] [信息] ["[S->C] rpc_client_gm_question_limited(0)"]
[HandleMsg] [信息] ["[S->C] rpc_client_fight_skin_info([],0)"]
[HandleMsg] [信息] ["[S->C] rpc_client_emoji_info([])"]
[HandleMsg] [信息] ["[S->C] rpc_client_legend_pack_info(1)"]
[HandleMsg] [信息] ["[S->C] rpc_client_reserve(\"{\\\"param\\\":{\\\"leftTime\\\":602792},\\\"module\\\":\\\"shop_royal_shop\\\",\\\"action\\\":\\\"shop_info\\\"}\")"]
[HandleMsg] [信息] ["[S->C] rpc_client_user_send_avatars([],[],[{\"time\":-1,\"id\":1001},{\"time\":-1,\"id\":1003},{\"time\":-1,\"id\":1002}])"]
[HandleMsg] [信息] ["[S->C] rpc_client_enter_scene(2,0)"]
[HandleMsg] [信息] ["[S->C] rpc_client_friend_leftmsgs([])"]
[开始游戏] battleType: 2 , code: 0
[HandleMsg] [信息] ["[S->C] rpc_client_user_login_finish()"]
[开始游戏] battleType: 2 , code: 0
[HandleMsg] [信息] ["[S->C] rpc_client_legion_msg_unread_num(0)"]
[HandleMsg] [信息] ["[S->C] rpc_client_legion_prefer(\"{}\")"]
[HandleMsg] [信息] ["[S->C] rpc_client_gm_question_info(0)"]
[战斗流程] action: connect
[HandleMsg] [调试] ["qsdk:event eventType:9"]
[升级球球] 电球球 消耗SP: 100 类型: 2
[升级球球] 毒球球 消耗SP: 100 类型: 4
[升级球球] 地狱球球 消耗SP: 100 类型: 29
[升级球球] 暴雪球球 消耗SP: 100 类型: 31
[球球合并] 合并：9,14
BOSS 孕育之王 登场，ID: 571 描述： 释放技能会召唤怪物
[球球合并] 合并：12,46
[球球合并] 合并：13,89
